/*---------------------------------------------------------------------------*\
| =========                 |                                                 |
| \\      /  F ield         | OpenFOAM: The Open Source CFD Toolbox           |
|  \\    /   O peration     | Version:  2512                                  |
|   \\  /    A nd           | Website:  www.openfoam.com                      |
|    \\/     M anipulation  |                                                 |
\*---------------------------------------------------------------------------*/
Build  : _87ed40d256-20251219 OPENFOAM=2512 version=v2512
Arch   : "LSB;label=32;scalar=64"
Exec   : blockMesh
Date   : Apr 03 2026
Time   : 17:27:05
Host   : DESKTOP-EJKBDEA
PID    : 1642
I/O    : uncollated
Case   : /mnt/c/openfoam-case/VV_cases/V1_solver/long_target100k_Re160
nProcs : 1
trapFpe: Floating point exception trapping enabled (FOAM_SIGFPE).
memory pool : not available
fileModificationChecking : Monitoring run-time modified files using timeStampMaster (fileModificationSkew 5, maxFileModificationPolls 20)
allowSystemOperations : Allowing user-supplied system call operations

// * * * * * * * * * * * * * * * * * * * * * * * * * * * * * * * * * * * * * //
Create time

Creating block mesh from "system/blockMeshDict"
Creating block edges
No non-planar block faces defined
Creating topology blocks

Creating topology patches - from boundary section

Creating block mesh topology

Check topology

	Basic statistics
		Number of internal faces : 0
		Number of boundary faces : 6
		Number of defined boundary faces : 6
		Number of undefined boundary faces : 0
	Checking patch -> block consistency

Creating block offsets
Creating merge list (topological search)...

Creating polyMesh from blockMesh
Creating patches
Creating cells
Creating points with scale (1 1 1)
    Block 0 cell size :
        i : 0.002201834862 .. 0.002201834862
        j : 0.002 .. 0.002
        k : 0.01 .. 0.01

No patch pairs to merge

Writing polyMesh with 0 cellZones
----------------
Mesh Information
----------------
  boundingBox: (-0.12 -0.012 -0.005) (0.36 0.012 0.005)
  nPoints: 5694
  nCells: 2616
  nFaces: 10694
  nInternalFaces: 5002
----------------
Patches
----------------
  patch 0 (start: 5002 size: 12) name: inlet
  patch 1 (start: 5014 size: 12) name: outlet
  patch 2 (start: 5026 size: 218) name: bottom
  patch 3 (start: 5244 size: 218) name: top
  patch 4 (start: 5462 size: 2616) name: front
  patch 5 (start: 8078 size: 2616) name: back

End

